<?xml version="1.0" encoding="UTF-8"?>
<coverage generated="1693595767612" clover="3.2.0">
  <project timestamp="1693595767612" name="All files">
    <metrics statements="16" coveredstatements="16" conditionals="4" coveredconditionals="4" methods="6" coveredmethods="6" elements="26" coveredelements="26" complexity="0" loc="16" ncloc="16" packages="1" files="1" classes="1"/>
    <file name="galactic.js" path="/Users/paul/Desktop/Super-Galactic-Age-Calculator/src/galactic.js">
      <metrics statements="16" coveredstatements="16" conditionals="4" coveredconditionals="4" methods="6" coveredmethods="6"/>
      <line num="3" count="8" type="stmt"/>
      <line num="4" count="8" type="stmt"/>
      <line num="7" count="1" type="stmt"/>
      <line num="8" count="1" type="stmt"/>
      <line num="12" count="1" type="stmt"/>
      <line num="13" count="1" type="stmt"/>
      <line num="17" count="1" type="stmt"/>
      <line num="18" count="1" type="stmt"/>
      <line num="22" count="1" type="stmt"/>
      <line num="23" count="1" type="stmt"/>
      <line num="27" count="3" type="stmt"/>
      <line num="28" count="3" type="cond" truecount="2" falsecount="0"/>
      <line num="29" count="1" type="stmt"/>
      <line num="30" count="2" type="cond" truecount="2" falsecount="0"/>
      <line num="31" count="1" type="stmt"/>
      <line num="33" count="1" type="stmt"/>
    </file>
  </project>
</coverage>
